
#----------------------------------------------------------------------------------
--- try ip: 1.1.1.x
--- start connection: 2015-11-08 20:57:15.659776
--- Hostname: Switch1
--- Anmeldedaten: TACACS only
--- connect to ip: 1.1.1.x, port: 22
--- SSH Login
--- Found: user prompt, sent -enable- command
--- Found: password prompt, enter -TACACS PASSWORD- 
--- Found: priv prompt (Exit Loop)
--- login sequence: CONNECT_SSH-SSHLOGIN-USERPROMPT_ENABLE-TPASSWORD-PRIVPROMPT
--- switchname: Switch1
--- set prompt: Switch1[+A-Za-z0-9_-]{0,15}>, priv: Switch1[+A-Za-z0-9_-]{0,15}#, config: Switch1[+A-Za-z0-9_-]{0,15}\(config[+A-Za-z0-9_-]{0,15}\)#
--- SSH connection established to: 1.1.1.x
--- execute command (Prompt: PRIVE ): show running-config
--- execute command (Prompt: PRIVE ): write memory
--- INFO: -write memory- erfolgreich ausgefuehrt
--- end connection: 2015-11-08 20:57:31.912027 (processing time: 0:00:16.252223)
--- disconnect - ip: 1.1.1.x
--- Backupfile: /daten/backup/backup_config/2015-11-08_2.2.2.2/10.5.10.11_2015-11-08_18-00-04.config


#----------------------------------------------------------------------------------
--- try ip: 1.1.1.x
--- start connection: 2015-11-08 18:11:54.076576
--- Hostname: Switch2
--- Anmeldedaten: TACACS only
--- connect to ip: 1.1.1.x, port: 23
--- Found: username prompt, enter -backup_cmk-
--- Found: password prompt, enter -TACACS PASSWORD-
--- Found: user prompt, sent -enable- command
--- Found: password prompt, enter -TACACS PASSWORD-
--- Found: priv prompt (Exit Loop)
--- login sequence: CONNECT_TELNET-TUSERNAME-TPASSWORD-USERPROMPT_ENABLE-TPASSWORD-PRIVPROMPT
--- switchname: Switch2
--- set prompt: Switch2[+A-Za-z0-9_-]{0,15}>, priv: Switch2[+A-Za-z0-9_-]{0,15}#, config: Switch2[+A-Za-z0-9_-]{0,15}\(config[+A-Za-z0-9_-]{0,15}\)#
--- Telnet connection established to: 1.1.1.x
--- execute command (Prompt: PRIVE ): show running-config
--- execute command (Prompt: PRIVE ): write memory
--- INFO: -write memory- erfolgreich ausgefuehrt
--- end connection: 2015-11-08 18:12:21.851208 (processing time: 0:00:27.774603)
--- disconnect - ip: 1.1.1.x
--- Backupfile: /daten/backup/backup_config/2015-11-08_2.2.2.2/1.1.1.x_2015-11-08_18-00-04.config











